;  LST file generated by DynTFTListExporter
; Date/Time: 2020-06-08 8:18:43 PM
;----------------------------------------------

Symbol List:
//** Routines locations **
//ADDRESS    SIZE    PROCEDURE
//----------------------------------------------
0x00471908 [4] _DynTFTButton0_OnMouseUpUser
0x00471308 [4] _VirtualKeyboard_OnCharKey
0x0047138C [4] _VirtualKeyboard_OnSpecialKey
0x004718C0 [4] _TrackBar1_OnTrackBarChange
0x004718E4 [4] _TrackBar2_OnTrackBarChange
0x00471420 [4] _btnShowMessageBox_OnMouseUpUser
//** Variables locations ** 
//ADDRESS    SIZE    VARIABLE
//----------------------------------------------
0x00482254 [4] Component[0]
0x00482258 [4] Component[1]
0x0048225C [4] Component[2]
0x00482260 [4] Component[3]
0x00482264 [4] Component[4]
0x00482268 [4] Component[5]
0x0048226C [4] Component[6]
0x00482270 [4] Component[7]
0x00482274 [4] Component[8]
0x00482278 [4] Component[9]
0x0048227C [4] Component[10]
0x00482280 [4] Component[11]
0x00482284 [4] Component[12]
0x00482288 [4] Component[13]
0x0048228C [4] Component[14]
0x00482290 [4] Component[15]
0x00482294 [4] Component[16]
0x00482298 [4] Component[17]
0x0048229C [4] Component[18]
0x004822A0 [4] Component[19]
0x004822A4 [4] Component[20]
0x004822A8 [4] Component[21]
0x004822AC [4] Component[22]
0x004822B0 [4] Component[23]
0x004822B4 [4] Component[24]
0x004822B8 [4] Component[25]
0x004822C4 [4] Component[26]
0x004822C8 [4] Component[27]
0x004822CC [4] Component[28]
0x004822D0 [4] Component[29]
0x004822D4 [4] Component[30]
0x004822D8 [4] Component[31]
0x004822DC [4] Component[32]
0x004822E0 [4] Component[33]
0x004822E4 [4] Component[34]
0x004822E8 [4] Component[35]
0x004822EC [4] Component[36]
0x004822F0 [4] Component[37]
0x004822F4 [4] Component[38]
//** Constants locations ** 
//ADDRESS    SIZE    CONSTANT
//----------------------------------------------
0x00477938 [4] _Verdana29x32_ItalicUnderLine
