;  LST file generated by DynTFTListExporter
; Date/Time: 2020-06-08 19:39:57
;----------------------------------------------

Symbol List:
//** Routines locations **
//ADDRESS    SIZE    PROCEDURE
//----------------------------------------------
0x00569340 [4] _DynTFTButton0_OnMouseUpUser
0x00568C30 [4] _VirtualKeyboard_OnCharKey
0x00568CE0 [4] _VirtualKeyboard_OnSpecialKey
0x005692E0 [4] _TrackBar1_OnTrackBarChange
0x00569310 [4] _TrackBar2_OnTrackBarChange
0x00568DB0 [4] _btnShowMessageBox_OnMouseUpUser
//** Variables locations ** 
//ADDRESS    SIZE    VARIABLE
//----------------------------------------------
0x005FAF60 [4] Component[0]
0x005FAF70 [4] Component[1]
0x005FAF80 [4] Component[2]
0x005FAF90 [4] Component[3]
0x005FAFA0 [4] Component[4]
0x005FAFB0 [4] Component[5]
0x005FAFC0 [4] Component[6]
0x005FAFD0 [4] Component[7]
0x005FAFE0 [4] Component[8]
0x005FAFF0 [4] Component[9]
0x005FB000 [4] Component[10]
0x005FB010 [4] Component[11]
0x005FB020 [4] Component[12]
0x005FB030 [4] Component[13]
0x005FB040 [4] Component[14]
0x005FB050 [4] Component[15]
0x005FB060 [4] Component[16]
0x005FB070 [4] Component[17]
0x005FB080 [4] Component[18]
0x005FB090 [4] Component[19]
0x005FB0A0 [4] Component[20]
0x005FB0B0 [4] Component[21]
0x005FB0C0 [4] Component[22]
0x005FB0D0 [4] Component[23]
0x005FB0E0 [4] Component[24]
0x005FB0F0 [4] Component[25]
0x005FB120 [4] Component[26]
0x005FB130 [4] Component[27]
0x005FB140 [4] Component[28]
0x005FB150 [4] Component[29]
0x005FB160 [4] Component[30]
0x005FB170 [4] Component[31]
0x005FB180 [4] Component[32]
0x005FB190 [4] Component[33]
0x005FB1A0 [4] Component[34]
0x005FB1B0 [4] Component[35]
0x005FB1C0 [4] Component[36]
0x005FB1D0 [4] Component[37]
0x005FB1E0 [4] Component[38]
//** Constants locations ** 
//ADDRESS    SIZE    CONSTANT
//----------------------------------------------
0x0058F2B8 [4] _Verdana29x32_ItalicUnderLine
