;  LST file generated by DynTFTListExporter
; Date/Time: 2020-05-19 10:01:57 PM
;----------------------------------------------

Symbol List:
//** Routines locations **
//ADDRESS    SIZE    PROCEDURE
//----------------------------------------------
0x0046FB14 [4] _DynTFTButton0_OnMouseUpUser
0x0046F570 [4] _VirtualKeyboard_OnCharKey
0x0046F5F4 [4] _VirtualKeyboard_OnSpecialKey
0x0046FACC [4] _TrackBar1_OnTrackBarChange
0x0046FAF0 [4] _TrackBar2_OnTrackBarChange
0x0046F688 [4] _btnShowMessageBox_OnMouseUpUser
//** Variables locations ** 
//ADDRESS    SIZE    VARIABLE
//----------------------------------------------
0x0047FA80 [4] Component[0]
0x0047FA84 [4] Component[1]
0x0047FA88 [4] Component[2]
0x0047FA8C [4] Component[3]
0x0047FA90 [4] Component[4]
0x0047FA94 [4] Component[5]
0x0047FA98 [4] Component[6]
0x0047FA9C [4] Component[7]
0x0047FAA0 [4] Component[8]
0x0047FAA4 [4] Component[9]
0x0047FAA8 [4] Component[10]
0x0047FAAC [4] Component[11]
0x0047FAB0 [4] Component[12]
0x0047FABC [4] Component[13]
0x0047FAC0 [4] Component[14]
0x0047FAC4 [4] Component[15]
0x0047FAC8 [4] Component[16]
0x0047FACC [4] Component[17]
0x0047FAD0 [4] Component[18]
0x0047FAD4 [4] Component[19]
0x0047FAD8 [4] Component[20]
0x0047FADC [4] Component[21]
0x0047FAE0 [4] Component[22]
0x0047FAE4 [4] Component[23]
0x0047FAE8 [4] Component[24]
0x0047FAF4 [4] Component[25]
0x0047FAF8 [4] Component[26]
0x0047FAFC [4] Component[27]
0x0047FB00 [4] Component[28]
0x0047FB04 [4] Component[29]
0x0047FB08 [4] Component[30]
0x0047FB0C [4] Component[31]
0x0047FB10 [4] Component[32]
0x0047FB14 [4] Component[33]
0x0047FB18 [4] Component[34]
0x0047FB1C [4] Component[35]
0x0047FB20 [4] Component[36]
0x0047FB24 [4] Component[37]
//** Constants locations ** 
//ADDRESS    SIZE    CONSTANT
//----------------------------------------------
0x00475914 [4] _Verdana29x32_ItalicUnderLine
